<?xml version="1.0" encoding="UTF-8"?>
<!-- Generated by org.testng.reporters.JUnitReportReporter -->
<testsuite hostname="BrupesPC" failures="0" tests="3" name="api.vehicle.GetVehicleTests" time="0.080" errors="0" timestamp="2022-06-18T12:24:57 WEST" skipped="0">
  <testcase classname="api.vehicle.GetVehicleTests" name="numberOfVehiclesTest" time="0.060"/>
  <system-out/>
  <testcase classname="api.vehicle.GetVehicleTests" name="vehicleNotFoundTest" time="0.010"/>
  <system-out/>
  <testcase classname="api.vehicle.GetVehicleTests" name="vehicleValuesTest" time="0.010"/>
  <system-out/>
</testsuite> <!-- api.vehicle.GetVehicleTests -->
