<?xml version="1.0" encoding="UTF-8"?>
<!-- Generated by org.testng.reporters.JUnitReportReporter -->
<testsuite hostname="BrupesPC" failures="0" tests="3" name="api.client.GetClientTests" time="0.079" errors="0" timestamp="2022-06-18T12:24:57 WEST" skipped="0">
  <testcase classname="api.client.GetClientTests" name="clientValuesTest" time="0.012"/>
  <system-out/>
  <testcase classname="api.client.GetClientTests" name="numberOfClientsTest" time="0.040"/>
  <system-out/>
  <testcase classname="api.client.GetClientTests" name="clientNotFoundTest" time="0.027"/>
  <system-out/>
</testsuite> <!-- api.client.GetClientTests -->
