<?xml version="1.0" encoding="UTF-8"?>
<!-- Generated by org.testng.reporters.JUnitReportReporter -->
<testsuite hostname="BrupesPC" failures="0" tests="4" name="api.vehicle.JoinVehicleWithClientTests" time="0.211" errors="0" timestamp="2022-06-18T12:24:57 WEST" skipped="0">
  <testcase classname="api.vehicle.JoinVehicleWithClientTests" name="associateVehicleToOtherClientTest" time="0.068"/>
  <system-out/>
  <testcase classname="api.vehicle.JoinVehicleWithClientTests" name="associateVehicleToClientErrorTest" time="0.036"/>
  <system-out/>
  <testcase classname="api.vehicle.JoinVehicleWithClientTests" name="reassociateVehicleToClientTest" time="0.050"/>
  <system-out/>
  <testcase classname="api.vehicle.JoinVehicleWithClientTests" name="associateVehicleToClientTest" time="0.057"/>
  <system-out/>
</testsuite> <!-- api.vehicle.JoinVehicleWithClientTests -->
